/home/slaferriere/fprime/Gse/bin/pexpect_runner.py: Running command "/home/slaferriere/fprime/Ref/linux-linux-x86-debug-gnu-bin/Ref -p 50000 -a 127.0.0.1"
Hit Ctrl-C to quit
EVENT: (121) (2:1550273969,705598) DIAGNOSTIC: (CMDDISP) OpCodeRegistered : Opcode 0x0051 registered to port 6 slot 0
EVENT: (121) (2:1550273969,705607) DIAGNOSTIC: (CMDDISP) OpCodeRegistered : Opcode 0x0052 registered to port 6 slot 1
EVENT: (121) (2:1550273969,705611) DIAGNOSTIC: (CMDDISP) OpCodeRegistered : Opcode 0x0053 registered to port 6 slot 2
EVENT: (121) (2:1550273969,705614) DIAGNOSTIC: (CMDDISP) OpCodeRegistered : Opcode 0x0054 registered to port 6 slot 3
EVENT: (121) (2:1550273969,705617) DIAGNOSTIC: (CMDDISP) OpCodeRegistered : Opcode 0x005B registered to port 6 slot 4
EVENT: (121) (2:1550273969,705620) DIAGNOSTIC: (CMDDISP) OpCodeRegistered : Opcode 0x005C registered to port 6 slot 5
EVENT: (121) (2:1550273969,705623) DIAGNOSTIC: (CMDDISP) OpCodeRegistered : Opcode 0x005D registered to port 6 slot 6
EVENT: (121) (2:1550273969,705626) DIAGNOSTIC: (CMDDISP) OpCodeRegistered : Opcode 0x005E registered to port 6 slot 7
EVENT: (121) (2:1550273969,705629) DIAGNOSTIC: (CMDDISP) OpCodeRegistered : Opcode 0x0065 registered to port 10 slot 8
EVENT: (121) (2:1550273969,705632) DIAGNOSTIC: (CMDDISP) OpCodeRegistered : Opcode 0x0066 registered to port 10 slot 9
EVENT: (121) (2:1550273969,705635) DIAGNOSTIC: (CMDDISP) OpCodeRegistered : Opcode 0x0067 registered to port 10 slot 10
EVENT: (121) (2:1550273969,705638) DIAGNOSTIC: (CMDDISP) OpCodeRegistered : Opcode 0x0068 registered to port 10 slot 11
EVENT: (121) (2:1550273969,705641) DIAGNOSTIC: (CMDDISP) OpCodeRegistered : Opcode 0x021D registered to port 13 slot 12
EVENT: (121) (2:1550273969,705644) DIAGNOSTIC: (CMDDISP) OpCodeRegistered : Opcode 0x021E registered to port 13 slot 13
EVENT: (121) (2:1550273969,705647) DIAGNOSTIC: (CMDDISP) OpCodeRegistered : Opcode 0x021F registered to port 13 slot 14
EVENT: (121) (2:1550273969,705650) DIAGNOSTIC: (CMDDISP) OpCodeRegistered : Opcode 0x0220 registered to port 13 slot 15
EVENT: (121) (2:1550273969,705653) DIAGNOSTIC: (CMDDISP) OpCodeRegistered : Opcode 0x0221 registered to port 13 slot 16
EVENT: (121) (2:1550273969,705656) DIAGNOSTIC: (CMDDISP) OpCodeRegistered : Opcode 0x0222 registered to port 13 slot 17
EVENT: (121) (2:1550273969,705659) DIAGNOSTIC: (CMDDISP) OpCodeRegistered : Opcode 0x0223 registered to port 13 slot 18
EVENT: (121) (2:1550273969,705662) DIAGNOSTIC: (CMDDISP) OpCodeRegistered : Opcode 0x0079 registered to port 7 slot 19
EVENT: (121) (2:1550273969,705665) DIAGNOSTIC: (CMDDISP) OpCodeRegistered : Opcode 0x007A registered to port 7 slot 20
EVENT: (121) (2:1550273969,705669) DIAGNOSTIC: (CMDDISP) OpCodeRegistered : Opcode 0x007B registered to port 7 slot 21
EVENT: (121) (2:1550273969,705671) DIAGNOSTIC: (CMDDISP) OpCodeRegistered : Opcode 0x007C registered to port 7 slot 22
EVENT: (121) (2:1550273969,705675) DIAGNOSTIC: (CMDDISP) OpCodeRegistered : Opcode 0x01A5 registered to port 0 slot 23
EVENT: (121) (2:1550273969,705678) DIAGNOSTIC: (CMDDISP) OpCodeRegistered : Opcode 0x01A6 registered to port 0 slot 24
EVENT: (121) (2:1550273969,705681) DIAGNOSTIC: (CMDDISP) OpCodeRegistered : Opcode 0x01A7 registered to port 0 slot 25
EVENT: (121) (2:1550273969,705684) DIAGNOSTIC: (CMDDISP) OpCodeRegistered : Opcode 0x01A8 registered to port 0 slot 26
EVENT: (121) (2:1550273969,705686) DIAGNOSTIC: (CMDDISP) OpCodeRegistered : Opcode 0x01A9 registered to port 0 slot 27
EVENT: (121) (2:1550273969,705689) DIAGNOSTIC: (CMDDISP) OpCodeRegistered : Opcode 0x008D registered to port 12 slot 28
EVENT: (121) (2:1550273969,705693) DIAGNOSTIC: (CMDDISP) OpCodeRegistered : Opcode 0x01F5 registered to port 5 slot 29
EVENT: (121) (2:1550273969,705696) DIAGNOSTIC: (CMDDISP) OpCodeRegistered : Opcode 0x01F6 registered to port 5 slot 30
EVENT: (121) (2:1550273969,705699) DIAGNOSTIC: (CMDDISP) OpCodeRegistered : Opcode 0x00B5 registered to port 2 slot 31
EVENT: (121) (2:1550273969,705702) DIAGNOSTIC: (CMDDISP) OpCodeRegistered : Opcode 0x00B6 registered to port 2 slot 32
EVENT: (121) (2:1550273969,705705) DIAGNOSTIC: (CMDDISP) OpCodeRegistered : Opcode 0x00B7 registered to port 2 slot 33
EVENT: (121) (2:1550273969,705708) DIAGNOSTIC: (CMDDISP) OpCodeRegistered : Opcode 0x00DD registered to port 1 slot 34
EVENT: (121) (2:1550273969,705711) DIAGNOSTIC: (CMDDISP) OpCodeRegistered : Opcode 0x00DE registered to port 1 slot 35
EVENT: (121) (2:1550273969,705714) DIAGNOSTIC: (CMDDISP) OpCodeRegistered : Opcode 0x00DF registered to port 1 slot 36
EVENT: (121) (2:1550273969,705717) DIAGNOSTIC: (CMDDISP) OpCodeRegistered : Opcode 0x00C9 registered to port 8 slot 37
EVENT: (121) (2:1550273969,705720) DIAGNOSTIC: (CMDDISP) OpCodeRegistered : Opcode 0x00CA registered to port 8 slot 38
EVENT: (121) (2:1550273969,705723) DIAGNOSTIC: (CMDDISP) OpCodeRegistered : Opcode 0x00CB registered to port 8 slot 39
EVENT: (121) (2:1550273969,705726) DIAGNOSTIC: (CMDDISP) OpCodeRegistered : Opcode 0x0141 registered to port 3 slot 40
EVENT: (121) (2:1550273969,705729) DIAGNOSTIC: (CMDDISP) OpCodeRegistered : Opcode 0x0142 registered to port 3 slot 41
EVENT: (121) (2:1550273969,705732) DIAGNOSTIC: (CMDDISP) OpCodeRegistered : Opcode 0x0143 registered to port 3 slot 42
EVENT: (121) (2:1550273969,705735) DIAGNOSTIC: (CMDDISP) OpCodeRegistered : Opcode 0x0119 registered to port 11 slot 43
EVENT: (121) (2:1550273969,705738) DIAGNOSTIC: (CMDDISP) OpCodeRegistered : Opcode 0x011A registered to port 11 slot 44
EVENT: (121) (2:1550273969,705741) DIAGNOSTIC: (CMDDISP) OpCodeRegistered : Opcode 0x011B registered to port 11 slot 45
EVENT: (121) (2:1550273969,705744) DIAGNOSTIC: (CMDDISP) OpCodeRegistered : Opcode 0x0169 registered to port 9 slot 46
EVENT: (121) (2:1550273969,705747) DIAGNOSTIC: (CMDDISP) OpCodeRegistered : Opcode 0x016A registered to port 9 slot 47
EVENT: (121) (2:1550273969,705751) DIAGNOSTIC: (CMDDISP) OpCodeRegistered : Opcode 0x016B registered to port 9 slot 48
EVENT: (121) (2:1550273969,705754) DIAGNOSTIC: (CMDDISP) OpCodeRegistered : Opcode 0x0029 registered to port 4 slot 49
EVENT: (147) (2:1550273969,705777) WARNING_HI: (PRM) PrmFileReadError : Parameter file read failed in stage 0 with record 0 and error 1
EVENT: (141) (2:1550273969,705785) WARNING_LO: (PRM) PrmIdNotFound : Parameter ID 0x00000065 not found
EVENT: (141) (2:1550273969,705789) WARNING_LO: (PRM) PrmIdNotFound : Parameter ID 0x00000066 not found
EVENT: (141) (2:1550273969,705793) WARNING_LO: (PRM) PrmIdNotFound : Parameter ID 0x00000051 not found
EVENT: (141) (2:1550273969,705796) WARNING_LO: (PRM) PrmIdNotFound : Parameter ID 0x00000052 not found
EVENT: (381) (2:1550273969,706004) WARNING_LO: (SGIF) NoConnectionToServer : Unable to connect to the socket server on port 50000
EVENT: (382) (2:1550273969,706539) ACTIVITY_HI: (SGIF) ConnectedToServer : Connection made to the socket server on port 50000
Sent register FSW string to ground
EVENT: (241) (2:1550273969,706667) DIAGNOSTIC: (RG3) RateGroupStarted : Rate group started.
EVENT: (161) (2:1550273969,706799) DIAGNOSTIC: (RG2) RateGroupStarted : Rate group started.
EVENT: (21) (2:1550273969,706823) DIAGNOSTIC: (RG1) RateGroupStarted : Rate group started.
